Determining if the Q_WS_WIN exist failed with the following output:
Change Dir: /home/tk/MMDAI/libvpvl2/build-release/CMakeFiles/CMakeTmp

Run Build Command:/usr/bin/make "cmTryCompileExec4165494158/fast"
/usr/bin/make -f CMakeFiles/cmTryCompileExec4165494158.dir/build.make CMakeFiles/cmTryCompileExec4165494158.dir/build
make[1]: ディレクトリ `/home/tk/MMDAI/libvpvl2/build-release/CMakeFiles/CMakeTmp' に入ります
/usr/bin/cmake -E cmake_progress_report /home/tk/MMDAI/libvpvl2/build-release/CMakeFiles/CMakeTmp/CMakeFiles 1
Building CXX object CMakeFiles/cmTryCompileExec4165494158.dir/CheckSymbolExists.cxx.o
/usr/bin/c++    -fvisibility=hidden -fvisibility-inlines-hidden   -I/usr/include/qt4    -o CMakeFiles/cmTryCompileExec4165494158.dir/CheckSymbolExists.cxx.o -c /home/tk/MMDAI/libvpvl2/build-release/CMakeFiles/CMakeTmp/CheckSymbolExists.cxx
/home/tk/MMDAI/libvpvl2/build-release/CMakeFiles/CMakeTmp/CheckSymbolExists.cxx: 関数 ‘int main(int, char**)’ 内:
/home/tk/MMDAI/libvpvl2/build-release/CMakeFiles/CMakeTmp/CheckSymbolExists.cxx:8:19: エラー: ‘Q_WS_WIN’ was not declared in this scope
make[1]: ディレクトリ `/home/tk/MMDAI/libvpvl2/build-release/CMakeFiles/CMakeTmp' から出ます
make[1]: *** [CMakeFiles/cmTryCompileExec4165494158.dir/CheckSymbolExists.cxx.o] エラー 1
make: *** [cmTryCompileExec4165494158/fast] エラー 2

File /home/tk/MMDAI/libvpvl2/build-release/CMakeFiles/CMakeTmp/CheckSymbolExists.cxx:
/* */
#include <QtCore/qglobal.h>

int main(int argc, char** argv)
{
  (void)argv;
#ifndef Q_WS_WIN
  return ((int*)(&Q_WS_WIN))[argc];
#else
  (void)argc;
  return 0;
#endif
}

Determining if the Q_WS_QWS exist failed with the following output:
Change Dir: /home/tk/MMDAI/libvpvl2/build-release/CMakeFiles/CMakeTmp

Run Build Command:/usr/bin/make "cmTryCompileExec3662333549/fast"
/usr/bin/make -f CMakeFiles/cmTryCompileExec3662333549.dir/build.make CMakeFiles/cmTryCompileExec3662333549.dir/build
make[1]: ディレクトリ `/home/tk/MMDAI/libvpvl2/build-release/CMakeFiles/CMakeTmp' に入ります
/usr/bin/cmake -E cmake_progress_report /home/tk/MMDAI/libvpvl2/build-release/CMakeFiles/CMakeTmp/CMakeFiles 1
Building CXX object CMakeFiles/cmTryCompileExec3662333549.dir/CheckSymbolExists.cxx.o
/usr/bin/c++    -fvisibility=hidden -fvisibility-inlines-hidden   -I/usr/include/qt4    -o CMakeFiles/cmTryCompileExec3662333549.dir/CheckSymbolExists.cxx.o -c /home/tk/MMDAI/libvpvl2/build-release/CMakeFiles/CMakeTmp/CheckSymbolExists.cxx
/home/tk/MMDAI/libvpvl2/build-release/CMakeFiles/CMakeTmp/CheckSymbolExists.cxx: 関数 ‘int main(int, char**)’ 内:
/home/tk/MMDAI/libvpvl2/build-release/CMakeFiles/CMakeTmp/CheckSymbolExists.cxx:8:19: エラー: ‘Q_WS_QWS’ was not declared in this scope
make[1]: ディレクトリ `/home/tk/MMDAI/libvpvl2/build-release/CMakeFiles/CMakeTmp' から出ます
make[1]: *** [CMakeFiles/cmTryCompileExec3662333549.dir/CheckSymbolExists.cxx.o] エラー 1
make: *** [cmTryCompileExec3662333549/fast] エラー 2

File /home/tk/MMDAI/libvpvl2/build-release/CMakeFiles/CMakeTmp/CheckSymbolExists.cxx:
/* */
#include <QtCore/qglobal.h>

int main(int argc, char** argv)
{
  (void)argv;
#ifndef Q_WS_QWS
  return ((int*)(&Q_WS_QWS))[argc];
#else
  (void)argc;
  return 0;
#endif
}

Determining if the Q_WS_MAC exist failed with the following output:
Change Dir: /home/tk/MMDAI/libvpvl2/build-release/CMakeFiles/CMakeTmp

Run Build Command:/usr/bin/make "cmTryCompileExec2055119042/fast"
/usr/bin/make -f CMakeFiles/cmTryCompileExec2055119042.dir/build.make CMakeFiles/cmTryCompileExec2055119042.dir/build
make[1]: ディレクトリ `/home/tk/MMDAI/libvpvl2/build-release/CMakeFiles/CMakeTmp' に入ります
/usr/bin/cmake -E cmake_progress_report /home/tk/MMDAI/libvpvl2/build-release/CMakeFiles/CMakeTmp/CMakeFiles 1
Building CXX object CMakeFiles/cmTryCompileExec2055119042.dir/CheckSymbolExists.cxx.o
/usr/bin/c++    -fvisibility=hidden -fvisibility-inlines-hidden   -I/usr/include/qt4    -o CMakeFiles/cmTryCompileExec2055119042.dir/CheckSymbolExists.cxx.o -c /home/tk/MMDAI/libvpvl2/build-release/CMakeFiles/CMakeTmp/CheckSymbolExists.cxx
/home/tk/MMDAI/libvpvl2/build-release/CMakeFiles/CMakeTmp/CheckSymbolExists.cxx: 関数 ‘int main(int, char**)’ 内:
/home/tk/MMDAI/libvpvl2/build-release/CMakeFiles/CMakeTmp/CheckSymbolExists.cxx:8:19: エラー: ‘Q_WS_MAC’ was not declared in this scope
make[1]: ディレクトリ `/home/tk/MMDAI/libvpvl2/build-release/CMakeFiles/CMakeTmp' から出ます
make[1]: *** [CMakeFiles/cmTryCompileExec2055119042.dir/CheckSymbolExists.cxx.o] エラー 1
make: *** [cmTryCompileExec2055119042/fast] エラー 2

File /home/tk/MMDAI/libvpvl2/build-release/CMakeFiles/CMakeTmp/CheckSymbolExists.cxx:
/* */
#include <QtCore/qglobal.h>

int main(int argc, char** argv)
{
  (void)argv;
#ifndef Q_WS_MAC
  return ((int*)(&Q_WS_MAC))[argc];
#else
  (void)argc;
  return 0;
#endif
}

